#
# There is insufficient memory for the Java Runtime Environment to continue.
# Native memory allocation (malloc) failed to allocate 122416 bytes for Chunk::new
# Possible reasons:
#   The system is out of physical RAM or swap space
#   The process is running with CompressedOops enabled, and the Java Heap may be blocking the growth of the native heap
# Possible solutions:
#   Reduce memory load on the system
#   Increase physical memory or swap space
#   Check if swap backing store is full
#   Decrease Java heap size (-Xmx/-Xms)
#   Decrease number of Java threads
#   Decrease Java thread stack sizes (-Xss)
#   Set larger code cache with -XX:ReservedCodeCacheSize=
#   JVM is running with Unscaled Compressed Oops mode in which the Java heap is
#     placed in the first 4GB address space. The Java Heap base address is the
#     maximum limit for the native heap growth. Please use -XX:HeapBaseMinAddress
#     to set the Java Heap base and to place the Java Heap above 4GB virtual address.
# This output file may be truncated or incomplete.
#
#  Out of Memory Error (./src/hotspot/share/memory/arena.cpp:197), pid=2288, tid=8144
#
# JRE version: OpenJDK Runtime Environment (11.0.10) (build 11.0.10+0-b96-7249189)
# Java VM: OpenJDK 64-Bit Server VM (11.0.10+0-b96-7249189, mixed mode, tiered, compressed oops, g1 gc, windows-amd64)
# No core dump will be written. Minidumps are not enabled by default on client versions of Windows
#

---------------  S U M M A R Y ------------

Command Line: --add-opens=java.base/java.util=ALL-UNNAMED --add-opens=java.base/java.lang=ALL-UNNAMED --add-opens=java.base/java.lang.invoke=ALL-UNNAMED --add-opens=java.base/java.util=ALL-UNNAMED --add-opens=java.prefs/java.util.prefs=ALL-UNNAMED --add-opens=java.prefs/java.util.prefs=ALL-UNNAMED --add-opens=java.base/java.nio.charset=ALL-UNNAMED --add-opens=java.base/java.net=ALL-UNNAMED --add-opens=java.base/java.util.concurrent.atomic=ALL-UNNAMED -Xmx2048m -Dfile.encoding=UTF-8 -Duser.country=GB -Duser.language=en -Duser.variant org.gradle.launcher.daemon.bootstrap.GradleDaemon 7.0.2

Host: Intel(R) Core(TM) i5-8250U CPU @ 1.60GHz, 8 cores, 7G,  Windows 10 , 64 bit Build 22000 (10.0.22000.318)
Time: Tue Jan  4 11:25:02 2022 SE Asia Standard Time elapsed time: 586.994312 seconds (0d 0h 9m 46s)

---------------  T H R E A D  ---------------

Current thread (0x000001cc13c5d800):  JavaThread "C2 CompilerThread0" daemon [_thread_in_native, id=8144, stack(0x0000000da3300000,0x0000000da3400000)]


Current CompileTask:
C2: 586994 14744       4       java.util.concurrent.locks.AbstractQueuedSynchronizer$ConditionObject::doSignal (43 bytes)

Stack: [0x0000000da3300000,0x0000000da3400000]
Native frames: (J=compiled Java code, j=interpreted, Vv=VM code, C=native code)
V  [jvm.dll+0x5ecfaa]
V  [jvm.dll+0x722bd5]
V  [jvm.dll+0x72412d]
V  [jvm.dll+0x7247e3]
V  [jvm.dll+0x242928]
V  [jvm.dll+0xbc4fc]
V  [jvm.dll+0xbca0c]
V  [jvm.dll+0x2b4fd4]
V  [jvm.dll+0x506028]
V  [jvm.dll+0x1fcbde]
V  [jvm.dll+0x1fa77f]
V  [jvm.dll+0x18354c]
V  [jvm.dll+0x208ee7]
V  [jvm.dll+0x207731]
V  [jvm.dll+0x6eb1cf]
V  [jvm.dll+0x6e3d45]
V  [jvm.dll+0x5ebe96]
C  [ucrtbase.dll+0x26c0c]
C  [KERNEL32.DLL+0x154e0]
C  [ntdll.dll+0x485b]


---------------  P R O C E S S  ---------------

Threads class SMR info:
_java_thread_list=0x000001cc21a5a180, length=67, elements={
0x000001cc78dc5800, 0x000001cc132d1800, 0x000001cc132df800, 0x000001cc13c54800,
0x000001cc13c55800, 0x000001cc13c56800, 0x000001cc13c5d800, 0x000001cc13c62800,
0x000001cc132ed800, 0x000001cc13da5800, 0x000001cc15762000, 0x000001cc13eae000,
0x000001cc15318800, 0x000001cc15361000, 0x000001cc15361800, 0x000001cc15360000,
0x000001cc1535c000, 0x000001cc15362800, 0x000001cc1535d800, 0x000001cc1535d000,
0x000001cc17a00000, 0x000001cc17a01000, 0x000001cc17a01800, 0x000001cc17a02800,
0x000001cc17a03800, 0x000001cc179fd800, 0x000001cc179ff000, 0x000001cc17a09000,
0x000001cc149c0000, 0x000001cc149c0800, 0x000001cc149c4800, 0x000001cc149c5800,
0x000001cc149c1800, 0x000001cc149c8000, 0x000001cc149c2000, 0x000001cc149c8800,
0x000001cc149c3000, 0x000001cc149ce800, 0x000001cc149ca800, 0x000001cc149cb000,
0x000001cc149cc000, 0x000001cc149cd000, 0x000001cc149cd800, 0x000001cc149c9800,
0x000001cc17a04000, 0x000001cc179fe800, 0x000001cc17a0a000, 0x000001cc17a0a800,
0x000001cc17a05000, 0x000001cc17a0b800, 0x000001cc17a05800, 0x000001cc17a0c800,
0x000001cc1535e800, 0x000001cc1535f800, 0x000001cc1c6dc800, 0x000001cc1c6dc000,
0x000001cc1c6d8000, 0x000001cc1c6d7000, 0x000001cc1c6dd800, 0x000001cc1c6d8800,
0x000001cc1c6da800, 0x000001cc17918000, 0x000001cc17919800, 0x000001cc17917000,
0x000001cc17919000, 0x000001cc1791b000, 0x000001cc1791c000
}

Java Threads: ( => current thread )
  0x000001cc78dc5800 JavaThread "main" [_thread_blocked, id=11340, stack(0x0000000da2700000,0x0000000da2800000)]
  0x000001cc132d1800 JavaThread "Reference Handler" daemon [_thread_blocked, id=14084, stack(0x0000000da2e00000,0x0000000da2f00000)]
  0x000001cc132df800 JavaThread "Finalizer" daemon [_thread_blocked, id=7352, stack(0x0000000da2f00000,0x0000000da3000000)]
  0x000001cc13c54800 JavaThread "Signal Dispatcher" daemon [_thread_blocked, id=15124, stack(0x0000000da3000000,0x0000000da3100000)]
  0x000001cc13c55800 JavaThread "Attach Listener" daemon [_thread_blocked, id=14056, stack(0x0000000da3100000,0x0000000da3200000)]
  0x000001cc13c56800 JavaThread "Service Thread" daemon [_thread_blocked, id=8816, stack(0x0000000da3200000,0x0000000da3300000)]
=>0x000001cc13c5d800 JavaThread "C2 CompilerThread0" daemon [_thread_in_native, id=8144, stack(0x0000000da3300000,0x0000000da3400000)]
  0x000001cc13c62800 JavaThread "C1 CompilerThread0" daemon [_thread_blocked, id=6760, stack(0x0000000da3400000,0x0000000da3500000)]
  0x000001cc132ed800 JavaThread "Sweeper thread" daemon [_thread_blocked, id=12332, stack(0x0000000da3500000,0x0000000da3600000)]
  0x000001cc13da5800 JavaThread "Common-Cleaner" daemon [_thread_blocked, id=8584, stack(0x0000000da3600000,0x0000000da3700000)]
  0x000001cc15762000 JavaThread "Daemon health stats" [_thread_blocked, id=8068, stack(0x0000000da3c00000,0x0000000da3d00000)]
  0x000001cc13eae000 JavaThread "Incoming local TCP Connector on port 51991" [_thread_in_native, id=11628, stack(0x0000000da3800000,0x0000000da3900000)]
  0x000001cc15318800 JavaThread "Daemon periodic checks" [_thread_blocked, id=14972, stack(0x0000000da3b00000,0x0000000da3c00000)]
  0x000001cc15361000 JavaThread "Cache worker for file hash cache (C:\Users\Rivaldo\.gradle\caches\7.0.2\fileHashes)" [_thread_blocked, id=10916, stack(0x0000000da4a00000,0x0000000da4b00000)]
  0x000001cc15361800 JavaThread "File lock request listener" [_thread_in_native, id=9192, stack(0x0000000da4b00000,0x0000000da4c00000)]
  0x000001cc15360000 JavaThread "Cache worker for journal cache (C:\Users\Rivaldo\.gradle\caches\journal-1)" [_thread_blocked, id=15016, stack(0x0000000da4d00000,0x0000000da4e00000)]
  0x000001cc1535c000 JavaThread "File watcher server" daemon [_thread_in_native, id=13212, stack(0x0000000da4f00000,0x0000000da5000000)]
  0x000001cc15362800 JavaThread "File watcher consumer" daemon [_thread_blocked, id=600, stack(0x0000000da5000000,0x0000000da5100000)]
  0x000001cc1535d800 JavaThread "jar transforms" [_thread_blocked, id=10356, stack(0x0000000da5100000,0x0000000da5200000)]
  0x000001cc1535d000 JavaThread "jar transforms Thread 2" [_thread_blocked, id=11372, stack(0x0000000da5200000,0x0000000da5300000)]
  0x000001cc17a00000 JavaThread "jar transforms Thread 3" [_thread_blocked, id=1340, stack(0x0000000da5300000,0x0000000da5400000)]
  0x000001cc17a01000 JavaThread "jar transforms Thread 4" [_thread_blocked, id=6496, stack(0x0000000da5400000,0x0000000da5500000)]
  0x000001cc17a01800 JavaThread "jar transforms Thread 5" [_thread_blocked, id=2888, stack(0x0000000da5500000,0x0000000da5600000)]
  0x000001cc17a02800 JavaThread "jar transforms Thread 6" [_thread_blocked, id=12632, stack(0x0000000da5600000,0x0000000da5700000)]
  0x000001cc17a03800 JavaThread "jar transforms Thread 7" [_thread_blocked, id=7440, stack(0x0000000da5700000,0x0000000da5800000)]
  0x000001cc179fd800 JavaThread "jar transforms Thread 8" [_thread_blocked, id=11164, stack(0x0000000da5900000,0x0000000da5a00000)]
  0x000001cc179ff000 JavaThread "Cache worker for execution history cache (C:\Users\Rivaldo\.gradle\caches\7.0.2\executionHistory)" [_thread_blocked, id=8848, stack(0x0000000da5c00000,0x0000000da5d00000)]
  0x000001cc17a09000 JavaThread "Cache worker for file content cache (C:\Users\Rivaldo\.gradle\caches\7.0.2\fileContent)" [_thread_blocked, id=4580, stack(0x0000000da5e00000,0x0000000da5f00000)]
  0x000001cc149c0000 JavaThread "Memory manager" [_thread_blocked, id=5480, stack(0x0000000da6900000,0x0000000da6a00000)]
  0x000001cc149c0800 JavaThread "Daemon Thread 2" [_thread_blocked, id=10064, stack(0x0000000da2400000,0x0000000da2500000)]
  0x000001cc149c4800 JavaThread "Handler for socket connection from /127.0.0.1:51991 to /127.0.0.1:63752" [_thread_in_native, id=7788, stack(0x0000000da2500000,0x0000000da2600000)]
  0x000001cc149c5800 JavaThread "Cancel handler" [_thread_blocked, id=2096, stack(0x0000000da2600000,0x0000000da2700000)]
  0x000001cc149c1800 JavaThread "Daemon worker Thread 2" [_thread_blocked, id=4392, stack(0x0000000da3d00000,0x0000000da3e00000)]
  0x000001cc149c8000 JavaThread "Asynchronous log dispatcher for DefaultDaemonConnection: socket connection from /127.0.0.1:51991 to /127.0.0.1:63752" [_thread_blocked, id=12644, stack(0x0000000da3e00000,0x0000000da3f00000)]
  0x000001cc149c2000 JavaThread "Stdin handler" [_thread_blocked, id=14316, stack(0x0000000da3f00000,0x0000000da4000000)]
  0x000001cc149c8800 JavaThread "Daemon client event forwarder" [_thread_blocked, id=4360, stack(0x0000000da4000000,0x0000000da4100000)]
  0x000001cc149c3000 JavaThread "Cache worker for file hash cache (C:\Users\Rivaldo\AndroidStudioProjects\HxCMassive\.gradle\7.0.2\fileHashes)" [_thread_blocked, id=6312, stack(0x0000000da4100000,0x0000000da4200000)]
  0x000001cc149ce800 JavaThread "Cache worker for checksums cache (C:\Users\Rivaldo\AndroidStudioProjects\HxCMassive\.gradle\checksums)" [_thread_blocked, id=6512, stack(0x0000000da4200000,0x0000000da4300000)]
  0x000001cc149ca800 JavaThread "Cache worker for cache directory md-supplier (C:\Users\Rivaldo\.gradle\caches\7.0.2\md-supplier)" [_thread_blocked, id=11004, stack(0x0000000da4300000,0x0000000da4400000)]
  0x000001cc149cb000 JavaThread "Cache worker for cache directory md-rule (C:\Users\Rivaldo\.gradle\caches\7.0.2\md-rule)" [_thread_blocked, id=4752, stack(0x0000000da4900000,0x0000000da4a00000)]
  0x000001cc149cc000 JavaThread "Cache worker for dependencies-accessors (C:\Users\Rivaldo\AndroidStudioProjects\HxCMassive\.gradle\7.0.2\dependencies-accessors)" [_thread_blocked, id=6824, stack(0x0000000da5800000,0x0000000da5900000)]
  0x000001cc149cd000 JavaThread "Cache worker for Build Output Cleanup Cache (C:\Users\Rivaldo\AndroidStudioProjects\HxCMassive\.gradle\buildOutputCleanup)" [_thread_blocked, id=2796, stack(0x0000000da5a00000,0x0000000da5b00000)]
  0x000001cc149cd800 JavaThread "Build operations" [_thread_blocked, id=11764, stack(0x0000000da5b00000,0x0000000da5c00000)]
  0x000001cc149c9800 JavaThread "Build operations Thread 2" [_thread_blocked, id=11476, stack(0x0000000da5d00000,0x0000000da5e00000)]
  0x000001cc17a04000 JavaThread "Build operations Thread 3" [_thread_blocked, id=13968, stack(0x0000000da5f00000,0x0000000da6000000)]
  0x000001cc179fe800 JavaThread "Build operations Thread 4" [_thread_blocked, id=6420, stack(0x0000000da6000000,0x0000000da6100000)]
  0x000001cc17a0a000 JavaThread "Build operations Thread 5" [_thread_blocked, id=5988, stack(0x0000000da6100000,0x0000000da6200000)]
  0x000001cc17a0a800 JavaThread "Build operations Thread 6" [_thread_blocked, id=9760, stack(0x0000000da6200000,0x0000000da6300000)]
  0x000001cc17a05000 JavaThread "Build operations Thread 7" [_thread_blocked, id=10264, stack(0x0000000da6300000,0x0000000da6400000)]
  0x000001cc17a0b800 JavaThread "Build operations Thread 8" [_thread_blocked, id=13456, stack(0x0000000da6400000,0x0000000da6500000)]
  0x000001cc17a05800 JavaThread "build event listener" [_thread_blocked, id=11572, stack(0x0000000da6600000,0x0000000da6700000)]
  0x000001cc17a0c800 JavaThread "Execution worker for ':'" [_thread_blocked, id=14028, stack(0x0000000da6700000,0x0000000da6800000)]
  0x000001cc1535e800 JavaThread "Execution worker for ':' Thread 2" [_thread_blocked, id=13876, stack(0x0000000da6800000,0x0000000da6900000)]
  0x000001cc1535f800 JavaThread "Execution worker for ':' Thread 3" [_thread_blocked, id=13052, stack(0x0000000da6a00000,0x0000000da6b00000)]
  0x000001cc1c6dc800 JavaThread "Execution worker for ':' Thread 4" [_thread_blocked, id=10332, stack(0x0000000da6b00000,0x0000000da6c00000)]
  0x000001cc1c6dc000 JavaThread "Execution worker for ':' Thread 5" [_thread_in_native, id=13328, stack(0x0000000da6c00000,0x0000000da6d00000)]
  0x000001cc1c6d8000 JavaThread "Execution worker for ':' Thread 6" [_thread_blocked, id=8580, stack(0x0000000da6d00000,0x0000000da6e00000)]
  0x000001cc1c6d7000 JavaThread "Execution worker for ':' Thread 7" [_thread_blocked, id=10888, stack(0x0000000da6e00000,0x0000000da6f00000)]
  0x000001cc1c6dd800 JavaThread "Cache worker for execution history cache (C:\Users\Rivaldo\AndroidStudioProjects\HxCMassive\.gradle\7.0.2\executionHistory)" [_thread_blocked, id=12588, stack(0x0000000da6f00000,0x0000000da7000000)]
  0x000001cc1c6d8800 JavaThread "WorkerExecutor Queue" [_thread_blocked, id=1248, stack(0x0000000da7000000,0x0000000da7100000)]
  0x000001cc1c6da800 JavaThread "WorkerExecutor Queue Thread 2" [_thread_blocked, id=14636, stack(0x0000000da7100000,0x0000000da7200000)]
  0x000001cc17918000 JavaThread "WorkerExecutor Queue Thread 7" [_thread_blocked, id=9076, stack(0x0000000da7600000,0x0000000da7700000)]
  0x000001cc17919800 JavaThread "pool-4-thread-1" [_thread_blocked, id=9996, stack(0x0000000da7800000,0x0000000da7900000)]
  0x000001cc17917000 JavaThread "stderr" [_thread_in_native, id=9508, stack(0x0000000da7900000,0x0000000da7a00000)]
  0x000001cc17919000 JavaThread "stdout" [_thread_in_native, id=4080, stack(0x0000000da7a00000,0x0000000da7b00000)]
  0x000001cc1791b000 JavaThread "Cache worker for Java compile cache (C:\Users\Rivaldo\.gradle\caches\7.0.2\javaCompile)" [_thread_blocked, id=1712, stack(0x0000000da7200000,0x0000000da7300000)]
  0x000001cc1791c000 JavaThread "Cache worker for Java compile cache (C:\Users\Rivaldo\AndroidStudioProjects\HxCMassive\.gradle\7.0.2\javaCompile)" [_thread_blocked, id=14064, stack(0x0000000da7300000,0x0000000da7400000)]

Other Threads:
  0x000001cc132cf800 VMThread "VM Thread" [stack: 0x0000000da2d00000,0x0000000da2e00000] [id=5836]
  0x000001cc13da9000 WatcherThread [stack: 0x0000000da3700000,0x0000000da3800000] [id=1516]
  0x000001cc78dd7000 GCTaskThread "GC Thread#0" [stack: 0x0000000da2800000,0x0000000da2900000] [id=10936]
  0x000001cc1448e000 GCTaskThread "GC Thread#1" [stack: 0x0000000da3900000,0x0000000da3a00000] [id=2628]
  0x000001cc1480e800 GCTaskThread "GC Thread#2" [stack: 0x0000000da3a00000,0x0000000da3b00000] [id=7840]
  0x000001cc166fd800 GCTaskThread "GC Thread#3" [stack: 0x0000000da4400000,0x0000000da4500000] [id=11368]
  0x000001cc16702800 GCTaskThread "GC Thread#4" [stack: 0x0000000da4500000,0x0000000da4600000] [id=11520]
  0x000001cc166fc000 GCTaskThread "GC Thread#5" [stack: 0x0000000da4600000,0x0000000da4700000] [id=11944]
  0x000001cc166fc800 GCTaskThread "GC Thread#6" [stack: 0x0000000da4700000,0x0000000da4800000] [id=9144]
  0x000001cc16702000 GCTaskThread "GC Thread#7" [stack: 0x0000000da4800000,0x0000000da4900000] [id=7028]
  0x000001cc78e0c000 ConcurrentGCThread "G1 Main Marker" [stack: 0x0000000da2900000,0x0000000da2a00000] [id=2540]
  0x000001cc78e0d000 ConcurrentGCThread "G1 Conc#0" [stack: 0x0000000da2a00000,0x0000000da2b00000] [id=12964]
  0x000001cc166ff000 ConcurrentGCThread "G1 Conc#1" [stack: 0x0000000da4c00000,0x0000000da4d00000] [id=5188]
  0x000001cc13120800 ConcurrentGCThread "G1 Refine#0" [stack: 0x0000000da2b00000,0x0000000da2c00000] [id=6280]
  0x000001cc13121800 ConcurrentGCThread "G1 Young RemSet Sampling" [stack: 0x0000000da2c00000,0x0000000da2d00000] [id=8744]

Threads with active compile tasks:
C2 CompilerThread0 587461 14744       4       java.util.concurrent.locks.AbstractQueuedSynchronizer$ConditionObject::doSignal (43 bytes)

VM state:not at safepoint (normal execution)

VM Mutex/Monitor currently owned by a thread: None

Heap address: 0x0000000080000000, size: 2048 MB, Compressed Oops mode: 32-bit
Narrow klass base: 0x0000000000000000, Narrow klass shift: 3
Compressed class space size: 1073741824 Address: 0x0000000100000000

Heap:
 garbage-first heap   total 227328K, used 128402K [0x0000000080000000, 0x0000000100000000)
  region size 1024K, 10 young (10240K), 1 survivors (1024K)
 Metaspace       used 113559K, capacity 116632K, committed 116888K, reserved 1150976K
  class space    used 14371K, capacity 15506K, committed 15616K, reserved 1048576K
Heap Regions: E=young(eden), S=young(survivor), O=old, HS=humongous(starts), HC=humongous(continues), CS=collection set, F=free, A=archive, TAMS=top-at-mark-start (previous, next)
|   0|0x0000000080000000, 0x0000000080100000, 0x0000000080100000|100%| O|  |TAMS 0x0000000080100000, 0x0000000080000000| Untracked 
|   1|0x0000000080100000, 0x0000000080200000, 0x0000000080200000|100%| O|  |TAMS 0x0000000080200000, 0x0000000080100000| Untracked 
|   2|0x0000000080200000, 0x0000000080300000, 0x0000000080300000|100%| O|  |TAMS 0x0000000080300000, 0x0000000080200000| Untracked 
|   3|0x0000000080300000, 0x0000000080400000, 0x0000000080400000|100%|HS|  |TAMS 0x0000000080400000, 0x0000000080300000| Complete 
|   4|0x0000000080400000, 0x0000000080500000, 0x0000000080500000|100%|HC|  |TAMS 0x0000000080500000, 0x0000000080400000| Complete 
|   5|0x0000000080500000, 0x0000000080600000, 0x0000000080600000|100%|HC|  |TAMS 0x0000000080600000, 0x0000000080500000| Complete 
|   6|0x0000000080600000, 0x0000000080700000, 0x0000000080700000|100%| O|  |TAMS 0x0000000080700000, 0x0000000080600000| Untracked 
|   7|0x0000000080700000, 0x0000000080800000, 0x0000000080800000|100%| O|  |TAMS 0x0000000080800000, 0x0000000080700000| Untracked 
|   8|0x0000000080800000, 0x0000000080900000, 0x0000000080900000|100%| O|  |TAMS 0x0000000080900000, 0x0000000080800000| Untracked 
|   9|0x0000000080900000, 0x0000000080a00000, 0x0000000080a00000|100%| O|  |TAMS 0x0000000080a00000, 0x0000000080900000| Untracked 
|  10|0x0000000080a00000, 0x0000000080b00000, 0x0000000080b00000|100%| O|  |TAMS 0x0000000080b00000, 0x0000000080a00000| Untracked 
|  11|0x0000000080b00000, 0x0000000080c00000, 0x0000000080c00000|100%| O|  |TAMS 0x0000000080c00000, 0x0000000080b00000| Untracked 
|  12|0x0000000080c00000, 0x0000000080d00000, 0x0000000080d00000|100%| O|  |TAMS 0x0000000080d00000, 0x0000000080c00000| Untracked 
|  13|0x0000000080d00000, 0x0000000080e00000, 0x0000000080e00000|100%| O|  |TAMS 0x0000000080e00000, 0x0000000080d00000| Untracked 
|  14|0x0000000080e00000, 0x0000000080f00000, 0x0000000080f00000|100%| O|  |TAMS 0x0000000080f00000, 0x0000000080e00000| Untracked 
|  15|0x0000000080f00000, 0x0000000081000000, 0x0000000081000000|100%| O|  |TAMS 0x0000000081000000, 0x0000000080f00000| Untracked 
|  16|0x0000000081000000, 0x0000000081100000, 0x0000000081100000|100%|HS|  |TAMS 0x0000000081100000, 0x0000000081000000| Complete 
|  17|0x0000000081100000, 0x0000000081200000, 0x0000000081200000|100%|HC|  |TAMS 0x0000000081200000, 0x0000000081100000| Complete 
|  18|0x0000000081200000, 0x0000000081300000, 0x0000000081300000|100%|HS|  |TAMS 0x0000000081300000, 0x0000000081200000| Complete 
|  19|0x0000000081300000, 0x0000000081400000, 0x0000000081400000|100%|HC|  |TAMS 0x0000000081400000, 0x0000000081300000| Complete 
|  20|0x0000000081400000, 0x0000000081500000, 0x0000000081500000|100%|HC|  |TAMS 0x0000000081500000, 0x0000000081400000| Complete 
|  21|0x0000000081500000, 0x0000000081600000, 0x0000000081600000|100%|HS|  |TAMS 0x0000000081600000, 0x0000000081500000| Complete 
|  22|0x0000000081600000, 0x0000000081700000, 0x0000000081700000|100%|HC|  |TAMS 0x0000000081700000, 0x0000000081600000| Complete 
|  23|0x0000000081700000, 0x0000000081800000, 0x0000000081800000|100%|HC|  |TAMS 0x0000000081800000, 0x0000000081700000| Complete 
|  24|0x0000000081800000, 0x0000000081900000, 0x0000000081900000|100%|HC|  |TAMS 0x0000000081900000, 0x0000000081800000| Complete 
|  25|0x0000000081900000, 0x0000000081a00000, 0x0000000081a00000|100%|HC|  |TAMS 0x0000000081a00000, 0x0000000081900000| Complete 
|  26|0x0000000081a00000, 0x0000000081b00000, 0x0000000081b00000|100%| O|  |TAMS 0x0000000081b00000, 0x0000000081a00000| Untracked 
|  27|0x0000000081b00000, 0x0000000081c00000, 0x0000000081c00000|100%| O|  |TAMS 0x0000000081c00000, 0x0000000081b00000| Untracked 
|  28|0x0000000081c00000, 0x0000000081d00000, 0x0000000081d00000|100%| O|  |TAMS 0x0000000081d00000, 0x0000000081c00000| Untracked 
|  29|0x0000000081d00000, 0x0000000081e00000, 0x0000000081e00000|100%| O|  |TAMS 0x0000000081e00000, 0x0000000081d00000| Untracked 
|  30|0x0000000081e00000, 0x0000000081f00000, 0x0000000081f00000|100%| O|  |TAMS 0x0000000081f00000, 0x0000000081e00000| Untracked 
|  31|0x0000000081f00000, 0x0000000082000000, 0x0000000082000000|100%| O|  |TAMS 0x0000000082000000, 0x0000000081f00000| Untracked 
|  32|0x0000000082000000, 0x0000000082100000, 0x0000000082100000|100%| O|  |TAMS 0x0000000082100000, 0x0000000082000000| Untracked 
|  33|0x0000000082100000, 0x0000000082200000, 0x0000000082200000|100%| O|  |TAMS 0x0000000082200000, 0x0000000082100000| Untracked 
|  34|0x0000000082200000, 0x0000000082300000, 0x0000000082300000|100%|HS|  |TAMS 0x0000000082300000, 0x0000000082200000| Complete 
|  35|0x0000000082300000, 0x0000000082400000, 0x0000000082400000|100%|HC|  |TAMS 0x0000000082400000, 0x0000000082300000| Complete 
|  36|0x0000000082400000, 0x0000000082500000, 0x0000000082500000|100%|HC|  |TAMS 0x0000000082500000, 0x0000000082400000| Complete 
|  37|0x0000000082500000, 0x0000000082600000, 0x0000000082600000|100%|HC|  |TAMS 0x0000000082600000, 0x0000000082500000| Complete 
|  38|0x0000000082600000, 0x0000000082700000, 0x0000000082700000|100%|HC|  |TAMS 0x0000000082700000, 0x0000000082600000| Complete 
|  39|0x0000000082700000, 0x0000000082800000, 0x0000000082800000|100%|HS|  |TAMS 0x0000000082800000, 0x0000000082700000| Complete 
|  40|0x0000000082800000, 0x0000000082900000, 0x0000000082900000|100%|HC|  |TAMS 0x0000000082900000, 0x0000000082800000| Complete 
|  41|0x0000000082900000, 0x0000000082a00000, 0x0000000082a00000|100%|HC|  |TAMS 0x0000000082a00000, 0x0000000082900000| Complete 
|  42|0x0000000082a00000, 0x0000000082b00000, 0x0000000082b00000|100%| O|  |TAMS 0x0000000082b00000, 0x0000000082a00000| Untracked 
|  43|0x0000000082b00000, 0x0000000082c00000, 0x0000000082c00000|100%| O|  |TAMS 0x0000000082c00000, 0x0000000082b00000| Untracked 
|  44|0x0000000082c00000, 0x0000000082d00000, 0x0000000082d00000|100%| O|  |TAMS 0x0000000082d00000, 0x0000000082c00000| Untracked 
|  45|0x0000000082d00000, 0x0000000082e00000, 0x0000000082e00000|100%| O|  |TAMS 0x0000000082e00000, 0x0000000082d00000| Untracked 
|  46|0x0000000082e00000, 0x0000000082f00000, 0x0000000082f00000|100%| O|  |TAMS 0x0000000082f00000, 0x0000000082e00000| Untracked 
|  47|0x0000000082f00000, 0x0000000083000000, 0x0000000083000000|100%| O|  |TAMS 0x0000000083000000, 0x0000000082f00000| Untracked 
|  48|0x0000000083000000, 0x0000000083100000, 0x0000000083100000|100%| O|  |TAMS 0x0000000083100000, 0x0000000083000000| Untracked 
|  49|0x0000000083100000, 0x0000000083200000, 0x0000000083200000|100%| O|  |TAMS 0x0000000083200000, 0x0000000083100000| Untracked 
|  50|0x0000000083200000, 0x0000000083300000, 0x0000000083300000|100%| O|  |TAMS 0x0000000083300000, 0x0000000083200000| Untracked 
|  51|0x0000000083300000, 0x0000000083400000, 0x0000000083400000|100%| O|  |TAMS 0x0000000083400000, 0x0000000083300000| Untracked 
|  52|0x0000000083400000, 0x0000000083500000, 0x0000000083500000|100%|HS|  |TAMS 0x0000000083500000, 0x0000000083400000| Complete 
|  53|0x0000000083500000, 0x0000000083600000, 0x0000000083600000|100%|HS|  |TAMS 0x0000000083600000, 0x0000000083500000| Complete 
|  54|0x0000000083600000, 0x0000000083700000, 0x0000000083700000|100%|HS|  |TAMS 0x0000000083700000, 0x0000000083600000| Complete 
|  55|0x0000000083700000, 0x0000000083800000, 0x0000000083800000|100%|HC|  |TAMS 0x0000000083800000, 0x0000000083700000| Complete 
|  56|0x0000000083800000, 0x0000000083900000, 0x0000000083900000|100%| O|  |TAMS 0x0000000083900000, 0x0000000083800000| Untracked 
|  57|0x0000000083900000, 0x0000000083a00000, 0x0000000083a00000|100%| O|  |TAMS 0x0000000083a00000, 0x0000000083900000| Untracked 
|  58|0x0000000083a00000, 0x0000000083b00000, 0x0000000083b00000|100%| O|  |TAMS 0x0000000083b00000, 0x0000000083a00000| Untracked 
|  59|0x0000000083b00000, 0x0000000083c00000, 0x0000000083c00000|100%| O|  |TAMS 0x0000000083c00000, 0x0000000083b00000| Untracked 
|  60|0x0000000083c00000, 0x0000000083d00000, 0x0000000083d00000|100%| O|  |TAMS 0x0000000083d00000, 0x0000000083c00000| Untracked 
|  61|0x0000000083d00000, 0x0000000083e00000, 0x0000000083e00000|100%| O|  |TAMS 0x0000000083e00000, 0x0000000083d00000| Untracked 
|  62|0x0000000083e00000, 0x0000000083f00000, 0x0000000083f00000|100%| O|  |TAMS 0x0000000083f00000, 0x0000000083e00000| Untracked 
|  63|0x0000000083f00000, 0x0000000084000000, 0x0000000084000000|100%| O|  |TAMS 0x0000000084000000, 0x0000000083f00000| Untracked 
|  64|0x0000000084000000, 0x0000000084100000, 0x0000000084100000|100%| O|  |TAMS 0x0000000084100000, 0x0000000084000000| Untracked 
|  65|0x0000000084100000, 0x0000000084200000, 0x0000000084200000|100%| O|  |TAMS 0x0000000084200000, 0x0000000084100000| Untracked 
|  66|0x0000000084200000, 0x0000000084300000, 0x0000000084300000|100%| O|  |TAMS 0x0000000084300000, 0x0000000084200000| Untracked 
|  67|0x0000000084300000, 0x0000000084400000, 0x0000000084400000|100%| O|  |TAMS 0x0000000084400000, 0x0000000084300000| Untracked 
|  68|0x0000000084400000, 0x0000000084500000, 0x0000000084500000|100%| O|  |TAMS 0x0000000084500000, 0x0000000084400000| Untracked 
|  69|0x0000000084500000, 0x0000000084600000, 0x0000000084600000|100%| O|  |TAMS 0x0000000084600000, 0x0000000084500000| Untracked 
|  70|0x0000000084600000, 0x0000000084700000, 0x0000000084700000|100%| O|  |TAMS 0x0000000084700000, 0x0000000084600000| Untracked 
|  71|0x0000000084700000, 0x0000000084800000, 0x0000000084800000|100%| O|  |TAMS 0x0000000084800000, 0x0000000084700000| Untracked 
|  72|0x0000000084800000, 0x0000000084900000, 0x0000000084900000|100%| O|  |TAMS 0x0000000084900000, 0x0000000084800000| Untracked 
|  73|0x0000000084900000, 0x0000000084a00000, 0x0000000084a00000|100%| O|  |TAMS 0x0000000084a00000, 0x0000000084900000| Untracked 
|  74|0x0000000084a00000, 0x0000000084b00000, 0x0000000084b00000|100%| O|  |TAMS 0x0000000084b00000, 0x0000000084a00000| Untracked 
|  75|0x0000000084b00000, 0x0000000084c00000, 0x0000000084c00000|100%| O|  |TAMS 0x0000000084c00000, 0x0000000084b00000| Untracked 
|  76|0x0000000084c00000, 0x0000000084d00000, 0x0000000084d00000|100%| O|  |TAMS 0x0000000084d00000, 0x0000000084c00000| Untracked 
|  77|0x0000000084d00000, 0x0000000084e00000, 0x0000000084e00000|100%| O|  |TAMS 0x0000000084e00000, 0x0000000084d00000| Untracked 
|  78|0x0000000084e00000, 0x0000000084f00000, 0x0000000084f00000|100%| O|  |TAMS 0x0000000084f00000, 0x0000000084e00000| Untracked 
|  79|0x0000000084f00000, 0x0000000085000000, 0x0000000085000000|100%| O|  |TAMS 0x0000000085000000, 0x0000000084f00000| Untracked 
|  80|0x0000000085000000, 0x0000000085100000, 0x0000000085100000|100%| O|  |TAMS 0x0000000085100000, 0x0000000085000000| Untracked 
|  81|0x0000000085100000, 0x0000000085200000, 0x0000000085200000|100%| O|  |TAMS 0x0000000085200000, 0x0000000085100000| Untracked 
|  82|0x0000000085200000, 0x0000000085300000, 0x0000000085300000|100%| O|  |TAMS 0x0000000085300000, 0x0000000085200000| Untracked 
|  83|0x0000000085300000, 0x0000000085400000, 0x0000000085400000|100%| O|  |TAMS 0x0000000085400000, 0x0000000085300000| Untracked 
|  84|0x0000000085400000, 0x0000000085500000, 0x0000000085500000|100%| O|  |TAMS 0x0000000085500000, 0x0000000085400000| Untracked 
|  85|0x0000000085500000, 0x0000000085600000, 0x0000000085600000|100%| O|  |TAMS 0x0000000085600000, 0x0000000085500000| Untracked 
|  86|0x0000000085600000, 0x0000000085700000, 0x0000000085700000|100%| O|  |TAMS 0x0000000085700000, 0x0000000085600000| Untracked 
|  87|0x0000000085700000, 0x0000000085800000, 0x0000000085800000|100%| O|  |TAMS 0x0000000085800000, 0x0000000085700000| Untracked 
|  88|0x0000000085800000, 0x0000000085900000, 0x0000000085900000|100%| O|  |TAMS 0x0000000085900000, 0x0000000085800000| Untracked 
|  89|0x0000000085900000, 0x0000000085a00000, 0x0000000085a00000|100%| O|  |TAMS 0x0000000085a00000, 0x0000000085900000| Untracked 
|  90|0x0000000085a00000, 0x0000000085b00000, 0x0000000085b00000|100%| O|  |TAMS 0x0000000085b00000, 0x0000000085a00000| Untracked 
|  91|0x0000000085b00000, 0x0000000085c00000, 0x0000000085c00000|100%| O|  |TAMS 0x0000000085c00000, 0x0000000085b00000| Untracked 
|  92|0x0000000085c00000, 0x0000000085d00000, 0x0000000085d00000|100%| O|  |TAMS 0x0000000085d00000, 0x0000000085c00000| Untracked 
|  93|0x0000000085d00000, 0x0000000085e00000, 0x0000000085e00000|100%| O|  |TAMS 0x0000000085e00000, 0x0000000085d00000| Untracked 
|  94|0x0000000085e00000, 0x0000000085f00000, 0x0000000085f00000|100%| O|  |TAMS 0x0000000085f00000, 0x0000000085e00000| Untracked 
|  95|0x0000000085f00000, 0x0000000086000000, 0x0000000086000000|100%| O|  |TAMS 0x0000000086000000, 0x0000000085f00000| Untracked 
|  96|0x0000000086000000, 0x0000000086100000, 0x0000000086100000|100%| O|  |TAMS 0x0000000086100000, 0x0000000086000000| Untracked 
|  97|0x0000000086100000, 0x0000000086200000, 0x0000000086200000|100%| O|  |TAMS 0x0000000086200000, 0x0000000086100000| Untracked 
|  98|0x0000000086200000, 0x0000000086300000, 0x0000000086300000|100%| O|  |TAMS 0x0000000086300000, 0x0000000086200000| Untracked 
|  99|0x0000000086300000, 0x0000000086400000, 0x0000000086400000|100%| O|  |TAMS 0x0000000086400000, 0x0000000086300000| Untracked 
| 100|0x0000000086400000, 0x0000000086500000, 0x0000000086500000|100%| O|  |TAMS 0x0000000086500000, 0x0000000086400000| Untracked 
| 101|0x0000000086500000, 0x0000000086600000, 0x0000000086600000|100%| O|  |TAMS 0x0000000086600000, 0x0000000086500000| Untracked 
| 102|0x0000000086600000, 0x0000000086700000, 0x0000000086700000|100%| O|  |TAMS 0x0000000086700000, 0x0000000086600000| Untracked 
| 103|0x0000000086700000, 0x0000000086800000, 0x0000000086800000|100%| O|  |TAMS 0x0000000086800000, 0x0000000086700000| Untracked 
| 104|0x0000000086800000, 0x0000000086900000, 0x0000000086900000|100%| O|  |TAMS 0x0000000086900000, 0x0000000086800000| Untracked 
| 105|0x0000000086900000, 0x0000000086a00000, 0x0000000086a00000|100%| O|  |TAMS 0x0000000086a00000, 0x0000000086900000| Untracked 
| 106|0x0000000086a00000, 0x0000000086b00000, 0x0000000086b00000|100%| O|  |TAMS 0x0000000086b00000, 0x0000000086a00000| Untracked 
| 107|0x0000000086b00000, 0x0000000086c00000, 0x0000000086c00000|100%| O|  |TAMS 0x0000000086c00000, 0x0000000086b00000| Untracked 
| 108|0x0000000086c00000, 0x0000000086d00000, 0x0000000086d00000|100%| O|  |TAMS 0x0000000086d00000, 0x0000000086c00000| Untracked 
| 109|0x0000000086d00000, 0x0000000086e00000, 0x0000000086e00000|100%| O|  |TAMS 0x0000000086e00000, 0x0000000086d00000| Untracked 
| 110|0x0000000086e00000, 0x0000000086e66e00, 0x0000000086f00000| 40%| O|  |TAMS 0x0000000086e66e00, 0x0000000086e00000| Untracked 
| 111|0x0000000086f00000, 0x0000000087000000, 0x0000000087000000|100%| O|  |TAMS 0x0000000087000000, 0x0000000086f00000| Untracked 
| 112|0x0000000087000000, 0x0000000087100000, 0x0000000087100000|100%|HS|  |TAMS 0x0000000087000000, 0x0000000087000000| Complete 
| 113|0x0000000087100000, 0x0000000087200000, 0x0000000087200000|100%|HC|  |TAMS 0x0000000087100000, 0x0000000087100000| Complete 
| 114|0x0000000087200000, 0x0000000087200000, 0x0000000087300000|  0%| F|  |TAMS 0x0000000087200000, 0x0000000087200000| Untracked 
| 115|0x0000000087300000, 0x0000000087300000, 0x0000000087400000|  0%| F|  |TAMS 0x0000000087300000, 0x0000000087300000| Untracked 
| 116|0x0000000087400000, 0x0000000087500000, 0x0000000087500000|100%| O|  |TAMS 0x0000000087500000, 0x0000000087400000| Untracked 
| 117|0x0000000087500000, 0x0000000087600000, 0x0000000087600000|100%| O|  |TAMS 0x0000000087600000, 0x0000000087500000| Untracked 
| 118|0x0000000087600000, 0x0000000087700000, 0x0000000087700000|100%| O|  |TAMS 0x0000000087700000, 0x0000000087600000| Untracked 
| 119|0x0000000087700000, 0x0000000087700000, 0x0000000087800000|  0%| F|  |TAMS 0x0000000087700000, 0x0000000087700000| Untracked 
| 120|0x0000000087800000, 0x0000000087800000, 0x0000000087900000|  0%| F|  |TAMS 0x0000000087800000, 0x0000000087800000| Untracked 
| 121|0x0000000087900000, 0x0000000087900000, 0x0000000087a00000|  0%| F|  |TAMS 0x0000000087900000, 0x0000000087900000| Untracked 
| 122|0x0000000087a00000, 0x0000000087a00000, 0x0000000087b00000|  0%| F|  |TAMS 0x0000000087a00000, 0x0000000087a00000| Untracked 
| 123|0x0000000087b00000, 0x0000000087b00000, 0x0000000087c00000|  0%| F|  |TAMS 0x0000000087b00000, 0x0000000087b00000| Untracked 
| 124|0x0000000087c00000, 0x0000000087c00000, 0x0000000087d00000|  0%| F|  |TAMS 0x0000000087c00000, 0x0000000087c00000| Untracked 
| 125|0x0000000087d00000, 0x0000000087d00000, 0x0000000087e00000|  0%| F|  |TAMS 0x0000000087d00000, 0x0000000087d00000| Untracked 
| 126|0x0000000087e00000, 0x0000000087e00000, 0x0000000087f00000|  0%| F|  |TAMS 0x0000000087e00000, 0x0000000087e00000| Untracked 
| 127|0x0000000087f00000, 0x0000000087f00000, 0x0000000088000000|  0%| F|  |TAMS 0x0000000087f00000, 0x0000000087f00000| Untracked 
| 128|0x0000000088000000, 0x0000000088000000, 0x0000000088100000|  0%| F|  |TAMS 0x0000000088000000, 0x0000000088000000| Untracked 
| 129|0x0000000088100000, 0x0000000088100000, 0x0000000088200000|  0%| F|  |TAMS 0x0000000088100000, 0x0000000088100000| Untracked 
| 130|0x0000000088200000, 0x0000000088200000, 0x0000000088300000|  0%| F|  |TAMS 0x0000000088200000, 0x0000000088200000| Untracked 
| 131|0x0000000088300000, 0x0000000088300000, 0x0000000088400000|  0%| F|  |TAMS 0x0000000088300000, 0x0000000088300000| Untracked 
| 132|0x0000000088400000, 0x0000000088400000, 0x0000000088500000|  0%| F|  |TAMS 0x0000000088400000, 0x0000000088400000| Untracked 
| 133|0x0000000088500000, 0x0000000088500000, 0x0000000088600000|  0%| F|  |TAMS 0x0000000088500000, 0x0000000088500000| Untracked 
| 134|0x0000000088600000, 0x0000000088600000, 0x0000000088700000|  0%| F|  |TAMS 0x0000000088600000, 0x0000000088600000| Untracked 
| 135|0x0000000088700000, 0x0000000088700000, 0x0000000088800000|  0%| F|  |TAMS 0x0000000088700000, 0x0000000088700000| Untracked 
| 136|0x0000000088800000, 0x0000000088800000, 0x0000000088900000|  0%| F|  |TAMS 0x0000000088800000, 0x0000000088800000| Untracked 
| 137|0x0000000088900000, 0x0000000088900000, 0x0000000088a00000|  0%| F|  |TAMS 0x0000000088900000, 0x0000000088900000| Untracked 
| 138|0x0000000088a00000, 0x0000000088a00000, 0x0000000088b00000|  0%| F|  |TAMS 0x0000000088a00000, 0x0000000088a00000| Untracked 
| 139|0x0000000088b00000, 0x0000000088b00000, 0x0000000088c00000|  0%| F|  |TAMS 0x0000000088b00000, 0x0000000088b00000| Untracked 
| 140|0x0000000088c00000, 0x0000000088c00000, 0x0000000088d00000|  0%| F|  |TAMS 0x0000000088c00000, 0x0000000088c00000| Untracked 
| 141|0x0000000088d00000, 0x0000000088d00000, 0x0000000088e00000|  0%| F|  |TAMS 0x0000000088d00000, 0x0000000088d00000| Untracked 
| 142|0x0000000088e00000, 0x0000000088e00000, 0x0000000088f00000|  0%| F|  |TAMS 0x0000000088e00000, 0x0000000088e00000| Untracked 
| 143|0x0000000088f00000, 0x0000000088f00000, 0x0000000089000000|  0%| F|  |TAMS 0x0000000088f00000, 0x0000000088f00000| Untracked 
| 144|0x0000000089000000, 0x0000000089000000, 0x0000000089100000|  0%| F|  |TAMS 0x0000000089000000, 0x0000000089000000| Untracked 
| 145|0x0000000089100000, 0x0000000089100000, 0x0000000089200000|  0%| F|  |TAMS 0x0000000089100000, 0x0000000089100000| Untracked 
| 146|0x0000000089200000, 0x0000000089200000, 0x0000000089300000|  0%| F|  |TAMS 0x0000000089200000, 0x0000000089200000| Untracked 
| 147|0x0000000089300000, 0x0000000089300000, 0x0000000089400000|  0%| F|  |TAMS 0x0000000089300000, 0x0000000089300000| Untracked 
| 148|0x0000000089400000, 0x0000000089400000, 0x0000000089500000|  0%| F|  |TAMS 0x0000000089400000, 0x0000000089400000| Untracked 
| 149|0x0000000089500000, 0x0000000089500000, 0x0000000089600000|  0%| F|  |TAMS 0x0000000089500000, 0x0000000089500000| Untracked 
| 150|0x0000000089600000, 0x0000000089600000, 0x0000000089700000|  0%| F|  |TAMS 0x0000000089600000, 0x0000000089600000| Untracked 
| 151|0x0000000089700000, 0x0000000089700000, 0x0000000089800000|  0%| F|  |TAMS 0x0000000089700000, 0x0000000089700000| Untracked 
| 152|0x0000000089800000, 0x0000000089800000, 0x0000000089900000|  0%| F|  |TAMS 0x0000000089800000, 0x0000000089800000| Untracked 
| 153|0x0000000089900000, 0x0000000089900000, 0x0000000089a00000|  0%| F|  |TAMS 0x0000000089900000, 0x0000000089900000| Untracked 
| 154|0x0000000089a00000, 0x0000000089a00000, 0x0000000089b00000|  0%| F|  |TAMS 0x0000000089a00000, 0x0000000089a00000| Untracked 
| 155|0x0000000089b00000, 0x0000000089b00000, 0x0000000089c00000|  0%| F|  |TAMS 0x0000000089b00000, 0x0000000089b00000| Untracked 
| 156|0x0000000089c00000, 0x0000000089c00000, 0x0000000089d00000|  0%| F|  |TAMS 0x0000000089c00000, 0x0000000089c00000| Untracked 
| 157|0x0000000089d00000, 0x0000000089d00000, 0x0000000089e00000|  0%| F|  |TAMS 0x0000000089d00000, 0x0000000089d00000| Untracked 
| 158|0x0000000089e00000, 0x0000000089e00000, 0x0000000089f00000|  0%| F|  |TAMS 0x0000000089e00000, 0x0000000089e00000| Untracked 
| 159|0x0000000089f00000, 0x0000000089f00000, 0x000000008a000000|  0%| F|  |TAMS 0x0000000089f00000, 0x0000000089f00000| Untracked 
| 160|0x000000008a000000, 0x000000008a000000, 0x000000008a100000|  0%| F|  |TAMS 0x000000008a000000, 0x000000008a000000| Untracked 
| 161|0x000000008a100000, 0x000000008a100000, 0x000000008a200000|  0%| F|  |TAMS 0x000000008a100000, 0x000000008a100000| Untracked 
| 162|0x000000008a200000, 0x000000008a200000, 0x000000008a300000|  0%| F|  |TAMS 0x000000008a200000, 0x000000008a200000| Untracked 
| 163|0x000000008a300000, 0x000000008a300000, 0x000000008a400000|  0%| F|  |TAMS 0x000000008a300000, 0x000000008a300000| Untracked 
| 164|0x000000008a400000, 0x000000008a400000, 0x000000008a500000|  0%| F|  |TAMS 0x000000008a400000, 0x000000008a400000| Untracked 
| 165|0x000000008a500000, 0x000000008a500000, 0x000000008a600000|  0%| F|  |TAMS 0x000000008a500000, 0x000000008a500000| Untracked 
| 166|0x000000008a600000, 0x000000008a600000, 0x000000008a700000|  0%| F|  |TAMS 0x000000008a600000, 0x000000008a600000| Untracked 
| 167|0x000000008a700000, 0x000000008a700000, 0x000000008a800000|  0%| F|  |TAMS 0x000000008a700000, 0x000000008a700000| Untracked 
| 168|0x000000008a800000, 0x000000008a800000, 0x000000008a900000|  0%| F|  |TAMS 0x000000008a800000, 0x000000008a800000| Untracked 
| 169|0x000000008a900000, 0x000000008a900000, 0x000000008aa00000|  0%| F|  |TAMS 0x000000008a900000, 0x000000008a900000| Untracked 
| 170|0x000000008aa00000, 0x000000008aa00000, 0x000000008ab00000|  0%| F|  |TAMS 0x000000008aa00000, 0x000000008aa00000| Untracked 
| 171|0x000000008ab00000, 0x000000008ab00000, 0x000000008ac00000|  0%| F|  |TAMS 0x000000008ab00000, 0x000000008ab00000| Untracked 
| 172|0x000000008ac00000, 0x000000008ac00000, 0x000000008ad00000|  0%| F|  |TAMS 0x000000008ac00000, 0x000000008ac00000| Untracked 
| 173|0x000000008ad00000, 0x000000008ad00000, 0x000000008ae00000|  0%| F|  |TAMS 0x000000008ad00000, 0x000000008ad00000| Untracked 
| 174|0x000000008ae00000, 0x000000008aefda70, 0x000000008af00000| 99%| S|CS|TAMS 0x000000008ae00000, 0x000000008ae00000| Complete 
| 175|0x000000008af00000, 0x000000008af00000, 0x000000008b000000|  0%| F|  |TAMS 0x000000008af00000, 0x000000008af00000| Untracked 
| 176|0x000000008b000000, 0x000000008b000000, 0x000000008b100000|  0%| F|  |TAMS 0x000000008b000000, 0x000000008b000000| Untracked 
| 177|0x000000008b100000, 0x000000008b100000, 0x000000008b200000|  0%| F|  |TAMS 0x000000008b100000, 0x000000008b100000| Untracked 
| 178|0x000000008b200000, 0x000000008b200000, 0x000000008b300000|  0%| F|  |TAMS 0x000000008b200000, 0x000000008b200000| Untracked 
| 179|0x000000008b300000, 0x000000008b300000, 0x000000008b400000|  0%| F|  |TAMS 0x000000008b300000, 0x000000008b300000| Untracked 
| 180|0x000000008b400000, 0x000000008b400000, 0x000000008b500000|  0%| F|  |TAMS 0x000000008b400000, 0x000000008b400000| Untracked 
| 181|0x000000008b500000, 0x000000008b500000, 0x000000008b600000|  0%| F|  |TAMS 0x000000008b500000, 0x000000008b500000| Untracked 
| 182|0x000000008b600000, 0x000000008b600000, 0x000000008b700000|  0%| F|  |TAMS 0x000000008b600000, 0x000000008b600000| Untracked 
| 183|0x000000008b700000, 0x000000008b700000, 0x000000008b800000|  0%| F|  |TAMS 0x000000008b700000, 0x000000008b700000| Untracked 
| 184|0x000000008b800000, 0x000000008b800000, 0x000000008b900000|  0%| F|  |TAMS 0x000000008b800000, 0x000000008b800000| Untracked 
| 185|0x000000008b900000, 0x000000008b900000, 0x000000008ba00000|  0%| F|  |TAMS 0x000000008b900000, 0x000000008b900000| Untracked 
| 186|0x000000008ba00000, 0x000000008ba00000, 0x000000008bb00000|  0%| F|  |TAMS 0x000000008ba00000, 0x000000008ba00000| Untracked 
| 187|0x000000008bb00000, 0x000000008bb00000, 0x000000008bc00000|  0%| F|  |TAMS 0x000000008bb00000, 0x000000008bb00000| Untracked 
| 188|0x000000008bc00000, 0x000000008bc00000, 0x000000008bd00000|  0%| F|  |TAMS 0x000000008bc00000, 0x000000008bc00000| Untracked 
| 189|0x000000008bd00000, 0x000000008bd00000, 0x000000008be00000|  0%| F|  |TAMS 0x000000008bd00000, 0x000000008bd00000| Untracked 
| 190|0x000000008be00000, 0x000000008be00000, 0x000000008bf00000|  0%| F|  |TAMS 0x000000008be00000, 0x000000008be00000| Untracked 
| 191|0x000000008bf00000, 0x000000008bf00000, 0x000000008c000000|  0%| F|  |TAMS 0x000000008bf00000, 0x000000008bf00000| Untracked 
| 192|0x000000008c000000, 0x000000008c000000, 0x000000008c100000|  0%| F|  |TAMS 0x000000008c000000, 0x000000008c000000| Untracked 
| 193|0x000000008c100000, 0x000000008c100000, 0x000000008c200000|  0%| F|  |TAMS 0x000000008c100000, 0x000000008c100000| Untracked 
| 194|0x000000008c200000, 0x000000008c200000, 0x000000008c300000|  0%| F|  |TAMS 0x000000008c200000, 0x000000008c200000| Untracked 
| 195|0x000000008c300000, 0x000000008c300000, 0x000000008c400000|  0%| F|  |TAMS 0x000000008c300000, 0x000000008c300000| Untracked 
| 196|0x000000008c400000, 0x000000008c400000, 0x000000008c500000|  0%| F|  |TAMS 0x000000008c400000, 0x000000008c400000| Untracked 
| 197|0x000000008c500000, 0x000000008c500000, 0x000000008c600000|  0%| F|  |TAMS 0x000000008c500000, 0x000000008c500000| Untracked 
| 198|0x000000008c600000, 0x000000008c600000, 0x000000008c700000|  0%| F|  |TAMS 0x000000008c600000, 0x000000008c600000| Untracked 
| 199|0x000000008c700000, 0x000000008c700000, 0x000000008c800000|  0%| F|  |TAMS 0x000000008c700000, 0x000000008c700000| Untracked 
| 200|0x000000008c800000, 0x000000008c800000, 0x000000008c900000|  0%| F|  |TAMS 0x000000008c800000, 0x000000008c800000| Untracked 
| 201|0x000000008c900000, 0x000000008c900000, 0x000000008ca00000|  0%| F|  |TAMS 0x000000008c900000, 0x000000008c900000| Untracked 
| 202|0x000000008ca00000, 0x000000008ca00000, 0x000000008cb00000|  0%| F|  |TAMS 0x000000008ca00000, 0x000000008ca00000| Untracked 
| 203|0x000000008cb00000, 0x000000008cb00000, 0x000000008cc00000|  0%| F|  |TAMS 0x000000008cb00000, 0x000000008cb00000| Untracked 
| 204|0x000000008cc00000, 0x000000008cc00000, 0x000000008cd00000|  0%| F|  |TAMS 0x000000008cc00000, 0x000000008cc00000| Untracked 
| 205|0x000000008cd00000, 0x000000008cd00000, 0x000000008ce00000|  0%| F|  |TAMS 0x000000008cd00000, 0x000000008cd00000| Untracked 
| 206|0x000000008ce00000, 0x000000008ce00000, 0x000000008cf00000|  0%| F|  |TAMS 0x000000008ce00000, 0x000000008ce00000| Untracked 
| 207|0x000000008cf00000, 0x000000008cf00000, 0x000000008d000000|  0%| F|  |TAMS 0x000000008cf00000, 0x000000008cf00000| Untracked 
| 208|0x000000008d000000, 0x000000008d000000, 0x000000008d100000|  0%| F|  |TAMS 0x000000008d000000, 0x000000008d000000| Untracked 
| 209|0x000000008d100000, 0x000000008d100000, 0x000000008d200000|  0%| F|  |TAMS 0x000000008d100000, 0x000000008d100000| Untracked 
| 210|0x000000008d200000, 0x000000008d200000, 0x000000008d300000|  0%| F|  |TAMS 0x000000008d200000, 0x000000008d200000| Untracked 
| 211|0x000000008d300000, 0x000000008d300000, 0x000000008d400000|  0%| F|  |TAMS 0x000000008d300000, 0x000000008d300000| Untracked 
| 212|0x000000008d400000, 0x000000008d400000, 0x000000008d500000|  0%| F|  |TAMS 0x000000008d400000, 0x000000008d400000| Untracked 
| 213|0x000000008d500000, 0x000000008d578cf8, 0x000000008d600000| 47%| E|  |TAMS 0x000000008d500000, 0x000000008d500000| Complete 
| 214|0x000000008d600000, 0x000000008d700000, 0x000000008d700000|100%| E|CS|TAMS 0x000000008d600000, 0x000000008d600000| Complete 
| 215|0x000000008d700000, 0x000000008d800000, 0x000000008d800000|100%| E|CS|TAMS 0x000000008d700000, 0x000000008d700000| Complete 
| 216|0x000000008d800000, 0x000000008d900000, 0x000000008d900000|100%| E|CS|TAMS 0x000000008d800000, 0x000000008d800000| Complete 
| 217|0x000000008d900000, 0x000000008da00000, 0x000000008da00000|100%| E|CS|TAMS 0x000000008d900000, 0x000000008d900000| Complete 
| 218|0x000000008da00000, 0x000000008db00000, 0x000000008db00000|100%| E|CS|TAMS 0x000000008da00000, 0x000000008da00000| Complete 
| 219|0x000000008db00000, 0x000000008dc00000, 0x000000008dc00000|100%| E|CS|TAMS 0x000000008db00000, 0x000000008db00000| Complete 
| 220|0x000000008dc00000, 0x000000008dd00000, 0x000000008dd00000|100%| E|CS|TAMS 0x000000008dc00000, 0x000000008dc00000| Complete 
| 221|0x000000008dd00000, 0x000000008de00000, 0x000000008de00000|100%| E|CS|TAMS 0x000000008dd00000, 0x000000008dd00000| Complete 

Card table byte_map: [0x000001cc7cfe0000,0x000001cc7d3e0000] _byte_map_base: 0x000001cc7cbe0000

Marking Bits (Prev, Next): (CMBitMap*) 0x000001cc78e01f60, (CMBitMap*) 0x000001cc78e01f28
 Prev Bits: [0x000001cc0f000000, 0x000001cc11000000)
 Next Bits: [0x000001cc7d7e0000, 0x000001cc7f7e0000)

Polling page: 0x000001cc76d60000

Metaspace:

Usage:
  Non-class:     98.76 MB capacity,    96.86 MB ( 98%) used,     1.56 MB (  2%) free+waste,   338.63 KB ( <1%) overhead. 
      Class:     15.14 MB capacity,    14.03 MB ( 93%) used,   979.98 KB (  6%) free+waste,   154.75 KB ( <1%) overhead. 
       Both:    113.90 MB capacity,   110.90 MB ( 97%) used,     2.52 MB (  2%) free+waste,   493.38 KB ( <1%) overhead. 

Virtual space:
  Non-class space:      100.00 MB reserved,      98.90 MB ( 99%) committed 
      Class space:        1.00 GB reserved,      15.25 MB (  1%) committed 
             Both:        1.10 GB reserved,     114.15 MB ( 10%) committed 

Chunk freelists:
   Non-Class:  18.00 KB
       Class:  14.00 KB
        Both:  32.00 KB

MaxMetaspaceSize: 17179869184.00 GB
CompressedClassSpaceSize: 1.00 GB

CodeHeap 'non-profiled nmethods': size=120000Kb used=10194Kb max_used=10194Kb free=109805Kb
 bounds [0x000001cc07ad0000, 0x000001cc084d0000, 0x000001cc0f000000]
CodeHeap 'profiled nmethods': size=120000Kb used=32999Kb max_used=32999Kb free=87000Kb
 bounds [0x000001cc005a0000, 0x000001cc025e0000, 0x000001cc07ad0000]
CodeHeap 'non-nmethods': size=5760Kb used=2339Kb max_used=2401Kb free=3420Kb
 bounds [0x000001cc00000000, 0x000001cc00270000, 0x000001cc005a0000]
 total_blobs=15549 nmethods=14591 adapters=869
 compilation: enabled
              stopped_count=0, restarted_count=0
 full_count=0

Compilation events (20 events):
Event: 585.654 Thread 0x000001cc13c62800 14735   !   3       sun.nio.ch.FileChannelImpl::position (258 bytes)
Event: 585.657 Thread 0x000001cc13c62800 nmethod 14735 0x000001cc025cb710 code [0x000001cc025cba00, 0x000001cc025ccaa8]
Event: 585.670 Thread 0x000001cc198e2800 nmethod 14732 0x000001cc084c1d90 code [0x000001cc084c1fe0, 0x000001cc084c3050]
Event: 585.911 Thread 0x000001cc13c62800 14736       3       jdk.nio.zipfs.ZipUtils::unixToJavaTime (11 bytes)
Event: 585.911 Thread 0x000001cc13c62800 nmethod 14736 0x000001cc025cd290 code [0x000001cc025cd440, 0x000001cc025cd568]
Event: 585.983 Thread 0x000001cc13c62800 14737       3       sun.nio.ch.FileChannelImpl::position (6 bytes)
Event: 585.983 Thread 0x000001cc13c62800 nmethod 14737 0x000001cc025cd610 code [0x000001cc025cd7c0, 0x000001cc025cd908]
Event: 585.983 Thread 0x000001cc13c62800 14738       3       jdk.nio.zipfs.ZipFileSystem::readFullyAt (33 bytes)
Event: 585.984 Thread 0x000001cc13c62800 nmethod 14738 0x000001cc025cd990 code [0x000001cc025cdbc0, 0x000001cc025ce268]
Event: 585.984 Thread 0x000001cc13c62800 14739   !   3       jdk.nio.zipfs.ZipFileSystem::readFullyAt (37 bytes)
Event: 585.985 Thread 0x000001cc13c62800 nmethod 14739 0x000001cc025ce590 code [0x000001cc025ce760, 0x000001cc025ceb78]
Event: 586.342 Thread 0x000001cc13c5d800 14740   !   4       java.nio.file.FileTreeWalker::next (144 bytes)
Event: 586.353 Thread 0x000001cc13c5d800 nmethod 14740 0x000001cc084c3c10 code [0x000001cc084c3e00, 0x000001cc084c4488]
Event: 586.806 Thread 0x000001cc13c62800 14741       3       jdk.nio.zipfs.ZipConstants::LOCEXT (7 bytes)
Event: 586.807 Thread 0x000001cc13c62800 nmethod 14741 0x000001cc025ced90 code [0x000001cc025cef60, 0x000001cc025cf1b8]
Event: 586.807 Thread 0x000001cc13c62800 14743       3       jdk.nio.zipfs.ZipFileSystem$Entry::readExtra (753 bytes)
Event: 586.815 Thread 0x000001cc13c62800 nmethod 14743 0x000001cc025cf310 code [0x000001cc025cfd20, 0x000001cc025d6c68]
Event: 586.815 Thread 0x000001cc13c62800 14742       3       jdk.nio.zipfs.ZipConstants::LOCNAM (7 bytes)
Event: 586.815 Thread 0x000001cc13c62800 nmethod 14742 0x000001cc025d9890 code [0x000001cc025d9a60, 0x000001cc025d9cb8]
Event: 586.884 Thread 0x000001cc13c5d800 14744       4       java.util.concurrent.locks.AbstractQueuedSynchronizer$ConditionObject::doSignal (43 bytes)

GC Heap History (20 events):
Event: 575.215 GC heap before
{Heap before GC invocations=38 (full 0):
 garbage-first heap   total 189440K, used 146061K [0x0000000080000000, 0x0000000100000000)
  region size 1024K, 24 young (24576K), 1 survivors (1024K)
 Metaspace       used 104372K, capacity 107291K, committed 107800K, reserved 1142784K
  class space    used 13269K, capacity 14336K, committed 14464K, reserved 1048576K
}
Event: 575.226 GC heap after
{Heap after GC invocations=39 (full 0):
 garbage-first heap   total 189440K, used 124037K [0x0000000080000000, 0x0000000100000000)
  region size 1024K, 3 young (3072K), 3 survivors (3072K)
 Metaspace       used 104372K, capacity 107291K, committed 107800K, reserved 1142784K
  class space    used 13269K, capacity 14336K, committed 14464K, reserved 1048576K
}
Event: 575.434 GC heap before
{Heap before GC invocations=39 (full 0):
 garbage-first heap   total 189440K, used 129157K [0x0000000080000000, 0x0000000100000000)
  region size 1024K, 9 young (9216K), 3 survivors (3072K)
 Metaspace       used 104639K, capacity 107512K, committed 107800K, reserved 1142784K
  class space    used 13304K, capacity 14342K, committed 14464K, reserved 1048576K
}
Event: 575.464 GC heap after
{Heap after GC invocations=40 (full 0):
 garbage-first heap   total 189440K, used 114124K [0x0000000080000000, 0x0000000100000000)
  region size 1024K, 1 young (1024K), 1 survivors (1024K)
 Metaspace       used 104639K, capacity 107512K, committed 107800K, reserved 1142784K
  class space    used 13304K, capacity 14342K, committed 14464K, reserved 1048576K
}
Event: 576.014 GC heap before
{Heap before GC invocations=40 (full 0):
 garbage-first heap   total 189440K, used 141772K [0x0000000080000000, 0x0000000100000000)
  region size 1024K, 29 young (29696K), 1 survivors (1024K)
 Metaspace       used 104822K, capacity 107772K, committed 108184K, reserved 1142784K
  class space    used 13316K, capacity 14380K, committed 14592K, reserved 1048576K
}
Event: 576.024 GC heap after
{Heap after GC invocations=41 (full 0):
 garbage-first heap   total 189440K, used 115460K [0x0000000080000000, 0x0000000100000000)
  region size 1024K, 3 young (3072K), 3 survivors (3072K)
 Metaspace       used 104822K, capacity 107772K, committed 108184K, reserved 1142784K
  class space    used 13316K, capacity 14380K, committed 14592K, reserved 1048576K
}
Event: 576.767 GC heap before
{Heap before GC invocations=42 (full 0):
 garbage-first heap   total 189440K, used 142084K [0x0000000080000000, 0x0000000100000000)
  region size 1024K, 32 young (32768K), 3 survivors (3072K)
 Metaspace       used 104946K, capacity 107836K, committed 108184K, reserved 1142784K
  class space    used 13318K, capacity 14376K, committed 14592K, reserved 1048576K
}
Event: 576.778 GC heap after
{Heap after GC invocations=43 (full 0):
 garbage-first heap   total 189440K, used 115318K [0x0000000080000000, 0x0000000100000000)
  region size 1024K, 4 young (4096K), 4 survivors (4096K)
 Metaspace       used 104946K, capacity 107836K, committed 108184K, reserved 1142784K
  class space    used 13318K, capacity 14376K, committed 14592K, reserved 1048576K
}
Event: 576.823 GC heap before
{Heap before GC invocations=43 (full 0):
 garbage-first heap   total 189440K, used 119414K [0x0000000080000000, 0x0000000100000000)
  region size 1024K, 9 young (9216K), 4 survivors (4096K)
 Metaspace       used 104947K, capacity 107836K, committed 108184K, reserved 1142784K
  class space    used 13318K, capacity 14376K, committed 14592K, reserved 1048576K
}
Event: 576.834 GC heap after
{Heap after GC invocations=44 (full 0):
 garbage-first heap   total 189440K, used 111557K [0x0000000080000000, 0x0000000100000000)
  region size 1024K, 1 young (1024K), 1 survivors (1024K)
 Metaspace       used 104947K, capacity 107836K, committed 108184K, reserved 1142784K
  class space    used 13318K, capacity 14376K, committed 14592K, reserved 1048576K
}
Event: 580.764 GC heap before
{Heap before GC invocations=44 (full 0):
 garbage-first heap   total 189440K, used 143301K [0x0000000080000000, 0x0000000100000000)
  region size 1024K, 33 young (33792K), 1 survivors (1024K)
 Metaspace       used 106127K, capacity 109099K, committed 109336K, reserved 1144832K
  class space    used 13450K, capacity 14532K, committed 14720K, reserved 1048576K
}
Event: 580.795 GC heap after
{Heap after GC invocations=45 (full 0):
 garbage-first heap   total 189440K, used 115952K [0x0000000080000000, 0x0000000100000000)
  region size 1024K, 5 young (5120K), 5 survivors (5120K)
 Metaspace       used 106127K, capacity 109099K, committed 109336K, reserved 1144832K
  class space    used 13450K, capacity 14532K, committed 14720K, reserved 1048576K
}
Event: 581.950 GC heap before
{Heap before GC invocations=46 (full 0):
 garbage-first heap   total 189440K, used 146672K [0x0000000080000000, 0x0000000100000000)
  region size 1024K, 36 young (36864K), 5 survivors (5120K)
 Metaspace       used 106577K, capacity 109569K, committed 109848K, reserved 1144832K
  class space    used 13493K, capacity 14538K, committed 14720K, reserved 1048576K
}
Event: 581.958 GC heap after
{Heap after GC invocations=47 (full 0):
 garbage-first heap   total 189440K, used 114706K [0x0000000080000000, 0x0000000100000000)
  region size 1024K, 1 young (1024K), 1 survivors (1024K)
 Metaspace       used 106577K, capacity 109569K, committed 109848K, reserved 1144832K
  class space    used 13493K, capacity 14538K, committed 14720K, reserved 1048576K
}
Event: 582.128 GC heap before
{Heap before GC invocations=47 (full 0):
 garbage-first heap   total 189440K, used 121874K [0x0000000080000000, 0x0000000100000000)
  region size 1024K, 9 young (9216K), 1 survivors (1024K)
 Metaspace       used 106625K, capacity 109638K, committed 109848K, reserved 1144832K
  class space    used 13495K, capacity 14540K, committed 14720K, reserved 1048576K
}
Event: 582.132 GC heap after
{Heap after GC invocations=48 (full 0):
 garbage-first heap   total 189440K, used 113887K [0x0000000080000000, 0x0000000100000000)
  region size 1024K, 1 young (1024K), 1 survivors (1024K)
 Metaspace       used 106625K, capacity 109638K, committed 109848K, reserved 1144832K
  class space    used 13495K, capacity 14540K, committed 14720K, reserved 1048576K
}
Event: 584.062 GC heap before
{Heap before GC invocations=48 (full 0):
 garbage-first heap   total 189440K, used 148703K [0x0000000080000000, 0x0000000100000000)
  region size 1024K, 36 young (36864K), 1 survivors (1024K)
 Metaspace       used 110973K, capacity 113962K, committed 114200K, reserved 1148928K
  class space    used 14084K, capacity 15211K, committed 15232K, reserved 1048576K
}
Event: 584.078 GC heap after
{Heap after GC invocations=49 (full 0):
 garbage-first heap   total 189440K, used 117344K [0x0000000080000000, 0x0000000100000000)
  region size 1024K, 4 young (4096K), 4 survivors (4096K)
 Metaspace       used 110973K, capacity 113962K, committed 114200K, reserved 1148928K
  class space    used 14084K, capacity 15211K, committed 15232K, reserved 1048576K
}
Event: 584.743 GC heap before
{Heap before GC invocations=49 (full 0):
 garbage-first heap   total 189440K, used 125536K [0x0000000080000000, 0x0000000100000000)
  region size 1024K, 14 young (14336K), 4 survivors (4096K)
 Metaspace       used 113493K, capacity 116498K, committed 116632K, reserved 1150976K
  class space    used 14367K, capacity 15504K, committed 15616K, reserved 1048576K
}
Event: 584.781 GC heap after
{Heap after GC invocations=50 (full 0):
 garbage-first heap   total 227328K, used 118162K [0x0000000080000000, 0x0000000100000000)
  region size 1024K, 1 young (1024K), 1 survivors (1024K)
 Metaspace       used 113493K, capacity 116498K, committed 116632K, reserved 1150976K
  class space    used 14367K, capacity 15504K, committed 15616K, reserved 1048576K
}

Deoptimization events (20 events):
Event: 584.936 Thread 0x000001cc1c6dc000 Uncommon trap: trap_request=0xffffffc6 fr.pc=0x000001cc08484bcc relative=0x000000000000536c
Event: 584.936 Thread 0x000001cc1c6dc000 Uncommon trap: reason=bimorphic_or_optimized_type_check action=maybe_recompile pc=0x000001cc08484bcc method=java.nio.file.FileTreeWalker.next()Ljava/nio/file/FileTreeWalker$Event; @ 37 c2
Event: 584.936 Thread 0x000001cc1c6dc000 DEOPT PACKING pc=0x000001cc08484bcc sp=0x0000000da6cf86a0
Event: 584.936 Thread 0x000001cc1c6dc000 DEOPT UNPACKING pc=0x000001cc000278af sp=0x0000000da6cf86e8 mode 2
Event: 584.936 Thread 0x000001cc1c6dc000 Uncommon trap: trap_request=0xffffff4d fr.pc=0x000001cc082611fc relative=0x00000000000001bc
Event: 584.936 Thread 0x000001cc1c6dc000 Uncommon trap: reason=unstable_if action=reinterpret pc=0x000001cc082611fc method=javax.lang.model.SourceVersion.isIdentifier(Ljava/lang/CharSequence;)Z @ 54 c2
Event: 584.936 Thread 0x000001cc1c6dc000 DEOPT PACKING pc=0x000001cc082611fc sp=0x0000000da6cf8620
Event: 584.936 Thread 0x000001cc1c6dc000 DEOPT UNPACKING pc=0x000001cc000278af sp=0x0000000da6cf85a8 mode 2
Event: 584.936 Thread 0x000001cc1c6dc000 Uncommon trap: trap_request=0xffffffc6 fr.pc=0x000001cc08484bcc relative=0x000000000000536c
Event: 584.936 Thread 0x000001cc1c6dc000 Uncommon trap: reason=bimorphic_or_optimized_type_check action=maybe_recompile pc=0x000001cc08484bcc method=java.nio.file.FileTreeWalker.next()Ljava/nio/file/FileTreeWalker$Event; @ 37 c2
Event: 584.936 Thread 0x000001cc1c6dc000 DEOPT PACKING pc=0x000001cc08484bcc sp=0x0000000da6cf86a0
Event: 584.936 Thread 0x000001cc1c6dc000 DEOPT UNPACKING pc=0x000001cc000278af sp=0x0000000da6cf86e8 mode 2
Event: 585.698 Thread 0x000001cc1c6dc000 Uncommon trap: trap_request=0xffffffc6 fr.pc=0x000001cc084af2a8 relative=0x0000000000004568
Event: 585.698 Thread 0x000001cc1c6dc000 Uncommon trap: reason=bimorphic_or_optimized_type_check action=maybe_recompile pc=0x000001cc084af2a8 method=java.nio.file.FileTreeWalker.next()Ljava/nio/file/FileTreeWalker$Event; @ 76 c2
Event: 585.698 Thread 0x000001cc1c6dc000 DEOPT PACKING pc=0x000001cc084af2a8 sp=0x0000000da6cf8650
Event: 585.698 Thread 0x000001cc1c6dc000 DEOPT UNPACKING pc=0x000001cc000278af sp=0x0000000da6cf8698 mode 2
Event: 585.955 Thread 0x000001cc1c6dc000 Uncommon trap: trap_request=0xffffffc6 fr.pc=0x000001cc084af2a8 relative=0x0000000000004568
Event: 585.956 Thread 0x000001cc1c6dc000 Uncommon trap: reason=bimorphic_or_optimized_type_check action=maybe_recompile pc=0x000001cc084af2a8 method=java.nio.file.FileTreeWalker.next()Ljava/nio/file/FileTreeWalker$Event; @ 76 c2
Event: 585.956 Thread 0x000001cc1c6dc000 DEOPT PACKING pc=0x000001cc084af2a8 sp=0x0000000da6cf8650
Event: 585.956 Thread 0x000001cc1c6dc000 DEOPT UNPACKING pc=0x000001cc000278af sp=0x0000000da6cf8698 mode 2

Classes redefined (0 events):
No events

Internal exceptions (20 events):
Event: 576.960 Thread 0x000001cc1c6dc000 Exception <a 'java/lang/NoSuchMethodError'{0x000000008b4fa778}: <clinit>> (0x000000008b4fa778) thrown at [./src/hotspot/share/prims/jni.cpp, line 1362]
Event: 576.960 Thread 0x000001cc1c6dc000 Exception <a 'java/lang/NoSuchMethodError'{0x000000008b4fbc58}: <clinit>> (0x000000008b4fbc58) thrown at [./src/hotspot/share/prims/jni.cpp, line 1362]
Event: 576.993 Thread 0x000001cc1c6dc000 Exception <a 'java/lang/NoSuchMethodError'{0x000000008b14e8a8}: <clinit>> (0x000000008b14e8a8) thrown at [./src/hotspot/share/prims/jni.cpp, line 1362]
Event: 577.002 Thread 0x000001cc1c6dc000 Exception <a 'java/lang/NoSuchMethodError'{0x000000008b17e4c8}: <clinit>> (0x000000008b17e4c8) thrown at [./src/hotspot/share/prims/jni.cpp, line 1362]
Event: 577.004 Thread 0x000001cc1c6dc000 Exception <a 'java/lang/NoSuchMethodError'{0x000000008b191038}: <clinit>> (0x000000008b191038) thrown at [./src/hotspot/share/prims/jni.cpp, line 1362]
Event: 577.118 Thread 0x000001cc17918000 Exception <a 'java/lang/NoSuchMethodError'{0x000000008ae337e8}: 'void java.lang.invoke.DirectMethodHandle$Holder.invokeStatic(java.lang.Object, long)'> (0x000000008ae337e8) thrown at [./src/hotspot/share/interpreter/linkResolver.cpp, line 773]
Event: 577.120 Thread 0x000001cc17918000 Exception <a 'java/lang/NoSuchMethodError'{0x000000008ae38a00}: 'java.lang.Object java.lang.invoke.DirectMethodHandle$Holder.invokeStatic(java.lang.Object, long)'> (0x000000008ae38a00) thrown at [./src/hotspot/share/interpreter/linkResolver.cpp, line 773]
Event: 577.130 Thread 0x000001cc17918000 Exception <a 'java/lang/NoSuchMethodError'{0x000000008ae47238}: 'java.lang.Object java.lang.invoke.DirectMethodHandle$Holder.invokeStaticInit(java.lang.Object, java.lang.Object, long, java.lang.Object)'> (0x000000008ae47238) thrown at [./src/hotspot/share/interpreter/linkResolver.cpp, line 773]
Event: 577.131 Thread 0x000001cc17918000 Exception <a 'java/lang/NoSuchMethodError'{0x000000008ae4d658}: 'java.lang.Object java.lang.invoke.DirectMethodHandle$Holder.invokeStatic(java.lang.Object, java.lang.Object, long)'> (0x000000008ae4d658) thrown at [./src/hotspot/share/interpreter/linkResolver.cpp, line 773]
Event: 577.131 Thread 0x000001cc17918000 Exception <a 'java/lang/NoSuchMethodError'{0x000000008ae53e20}: 'java.lang.Object java.lang.invoke.Invokers$Holder.linkToTargetMethod(java.lang.Object, long, java.lang.Object)'> (0x000000008ae53e20) thrown at [./src/hotspot/share/interpreter/linkResolver.cpp, line 773]
Event: 580.833 Thread 0x000001cc17918000 Exception <a 'sun/nio/fs/WindowsException'{0x000000008b85a2f0}> (0x000000008b85a2f0) thrown at [./src/hotspot/share/prims/jni.cpp, line 615]
Event: 580.833 Thread 0x000001cc17918000 Exception <a 'sun/nio/fs/WindowsException'{0x000000008b85a3d8}> (0x000000008b85a3d8) thrown at [./src/hotspot/share/prims/jni.cpp, line 615]
Event: 581.380 Thread 0x000001cc1c6dc000 Implicit null exception at 0x000001cc083934a5 to 0x000001cc083949f8
Event: 582.949 Thread 0x000001cc1c6dc000 Implicit null exception at 0x000001cc07daccf7 to 0x000001cc07dace8c
Event: 583.045 Thread 0x000001cc1c6dc000 Implicit null exception at 0x000001cc083a8956 to 0x000001cc083a91f4
Event: 583.698 Thread 0x000001cc1c6dc000 Exception <a 'sun/nio/fs/WindowsException'{0x0000000089daf850}> (0x0000000089daf850) thrown at [./src/hotspot/share/prims/jni.cpp, line 615]
Event: 583.704 Thread 0x000001cc1c6dc000 Exception <a 'java/lang/NoSuchMethodError'{0x0000000089dbb8b0}: 'java.lang.Object java.lang.invoke.Invokers$Holder.linkToTargetMethod(java.lang.Object, java.lang.Object, java.lang.Object, int, int, java.lang.Object)'> (0x0000000089dbb8b0) thrown at [./src/hotspot/share/interpreter/linkResolver.cpp, line 773]
Event: 584.735 Thread 0x000001cc1c6dc000 Exception <a 'sun/nio/fs/WindowsException'{0x000000008afbedb8}> (0x000000008afbedb8) thrown at [./src/hotspot/share/prims/jni.cpp, line 615]
Event: 584.735 Thread 0x000001cc1c6dc000 Exception <a 'sun/nio/fs/WindowsException'{0x000000008afbeec0}> (0x000000008afbeec0) thrown at [./src/hotspot/share/prims/jni.cpp, line 615]
Event: 584.738 Thread 0x000001cc1c6dc000 Implicit null exception at 0x000001cc07e7492c to 0x000001cc07e74ada

Events (20 events):
Event: 584.610 loading class com/sun/tools/javac/tree/JCTree
Event: 584.610 loading class com/sun/tools/javac/tree/JCTree done
Event: 584.704 loading class com/sun/tools/javac/comp/Modules
Event: 584.704 loading class com/sun/tools/javac/comp/Modules done
Event: 584.705 loading class com/sun/tools/javac/code/Symbol$PackageSymbol
Event: 584.705 loading class com/sun/tools/javac/code/Symbol$PackageSymbol done
Event: 584.743 Executing VM operation: G1CollectForAllocation
Event: 584.781 Executing VM operation: G1CollectForAllocation done
Event: 584.811 Thread 0x000001cc198e2800 Thread added: 0x000001cc198e2800
Event: 584.958 Thread 0x000001cc17b13000 Thread added: 0x000001cc17b13000
Event: 585.012 Executing VM operation: CGC_Operation
Event: 585.029 Executing VM operation: CGC_Operation done
Event: 585.167 Executing VM operation: CGC_Operation
Event: 585.168 Executing VM operation: CGC_Operation done
Event: 585.320 loading class com/sun/tools/javac/code/Symbol$PackageSymbol
Event: 585.320 loading class com/sun/tools/javac/code/Symbol$PackageSymbol done
Event: 585.320 loading class com/sun/tools/javac/code/ClassFinder
Event: 585.320 loading class com/sun/tools/javac/code/ClassFinder done
Event: 585.911 Thread 0x000001cc17b13000 Thread exited: 0x000001cc17b13000
Event: 585.911 Thread 0x000001cc198e2800 Thread exited: 0x000001cc198e2800


Dynamic libraries:
0x00007ff6d4cf0000 - 0x00007ff6d4cfa000 	C:\Program Files\Android\Android Studio\jre\bin\java.exe
0x00007ffdb9580000 - 0x00007ffdb9787000 	C:\WINDOWS\SYSTEM32\ntdll.dll
0x00007ffdb8490000 - 0x00007ffdb854d000 	C:\WINDOWS\System32\KERNEL32.DLL
0x00007ffdb6a60000 - 0x00007ffdb6dd4000 	C:\WINDOWS\System32\KERNELBASE.dll
0x00007ffdb72f0000 - 0x00007ffdb7401000 	C:\WINDOWS\System32\ucrtbase.dll
0x00007ffd8e510000 - 0x00007ffd8e527000 	C:\Program Files\Android\Android Studio\jre\bin\VCRUNTIME140.dll
0x00007ffd92400000 - 0x00007ffd92419000 	C:\Program Files\Android\Android Studio\jre\bin\jli.dll
0x00007ffdb7410000 - 0x00007ffdb75bc000 	C:\WINDOWS\System32\USER32.dll
0x00007ffd9f850000 - 0x00007ffd9faf5000 	C:\WINDOWS\WinSxS\amd64_microsoft.windows.common-controls_6595b64144ccf1df_6.0.22000.120_none_9d947278b86cc467\COMCTL32.dll
0x00007ffdb6fc0000 - 0x00007ffdb6fe6000 	C:\WINDOWS\System32\win32u.dll
0x00007ffdb9400000 - 0x00007ffdb94a3000 	C:\WINDOWS\System32\msvcrt.dll
0x00007ffdb7b00000 - 0x00007ffdb7b29000 	C:\WINDOWS\System32\GDI32.dll
0x00007ffdb7090000 - 0x00007ffdb71a2000 	C:\WINDOWS\System32\gdi32full.dll
0x00007ffdb6ff0000 - 0x00007ffdb708d000 	C:\WINDOWS\System32\msvcp_win.dll
0x00007ffdb8040000 - 0x00007ffdb8071000 	C:\WINDOWS\System32\IMM32.DLL
0x00007ffd66160000 - 0x00007ffd661fd000 	C:\Program Files\Android\Android Studio\jre\bin\msvcp140.dll
0x00007ffd52f70000 - 0x00007ffd53a3f000 	C:\Program Files\Android\Android Studio\jre\bin\server\jvm.dll
0x00007ffdb75c0000 - 0x00007ffdb766c000 	C:\WINDOWS\System32\ADVAPI32.dll
0x00007ffdb7b30000 - 0x00007ffdb7bcd000 	C:\WINDOWS\System32\sechost.dll
0x00007ffdb8080000 - 0x00007ffdb81a1000 	C:\WINDOWS\System32\RPCRT4.dll
0x00007ffdb94c0000 - 0x00007ffdb94c8000 	C:\WINDOWS\System32\PSAPI.DLL
0x00007ffdad550000 - 0x00007ffdad559000 	C:\WINDOWS\SYSTEM32\WSOCK32.dll
0x00007ffdb0c50000 - 0x00007ffdb0c83000 	C:\WINDOWS\SYSTEM32\WINMM.dll
0x00007ffdb1c60000 - 0x00007ffdb1c6a000 	C:\WINDOWS\SYSTEM32\VERSION.dll
0x00007ffdb94d0000 - 0x00007ffdb953f000 	C:\WINDOWS\System32\WS2_32.dll
0x00007ffdb5c70000 - 0x00007ffdb5c88000 	C:\WINDOWS\SYSTEM32\kernel.appcore.dll
0x00007ffdb3680000 - 0x00007ffdb3691000 	C:\Program Files\Android\Android Studio\jre\bin\verify.dll
0x00007ffdb45d0000 - 0x00007ffdb47f1000 	C:\WINDOWS\SYSTEM32\DBGHELP.DLL
0x00007ffda01b0000 - 0x00007ffda01e1000 	C:\WINDOWS\SYSTEM32\dbgcore.DLL
0x00007ffdb71b0000 - 0x00007ffdb722f000 	C:\WINDOWS\System32\bcryptPrimitives.dll
0x00007ffda5f40000 - 0x00007ffda5f69000 	C:\Program Files\Android\Android Studio\jre\bin\java.dll
0x00007ffdb2d00000 - 0x00007ffdb2d0b000 	C:\Program Files\Android\Android Studio\jre\bin\jimage.dll
0x00007ffda5de0000 - 0x00007ffda5df8000 	C:\Program Files\Android\Android Studio\jre\bin\zip.dll
0x00007ffdb8720000 - 0x00007ffdb8ece000 	C:\WINDOWS\System32\SHELL32.dll
0x00007ffdb4c10000 - 0x00007ffdb5477000 	C:\WINDOWS\SYSTEM32\windows.storage.dll
0x00007ffdb76d0000 - 0x00007ffdb7a48000 	C:\WINDOWS\System32\combase.dll
0x00007ffdb4aa0000 - 0x00007ffdb4c06000 	C:\WINDOWS\SYSTEM32\wintypes.dll
0x00007ffdb8ff0000 - 0x00007ffdb90da000 	C:\WINDOWS\System32\SHCORE.dll
0x00007ffdb8390000 - 0x00007ffdb83ed000 	C:\WINDOWS\System32\shlwapi.dll
0x00007ffdb6990000 - 0x00007ffdb69b1000 	C:\WINDOWS\SYSTEM32\profapi.dll
0x00007ffda5320000 - 0x00007ffda533a000 	C:\Program Files\Android\Android Studio\jre\bin\net.dll
0x00007ffdb0f60000 - 0x00007ffdb106c000 	C:\WINDOWS\SYSTEM32\WINHTTP.dll
0x00007ffdb6080000 - 0x00007ffdb60e7000 	C:\WINDOWS\system32\mswsock.dll
0x00007ffda5300000 - 0x00007ffda5314000 	C:\Program Files\Android\Android Studio\jre\bin\nio.dll
0x00007ffd92b40000 - 0x00007ffd92b67000 	C:\Users\Rivaldo\.gradle\native\8bec1ad78214c89d9ad589b4d07fe93259594b29d510b10fafb7a158f7737e5d\windows-amd64\native-platform.dll
0x00007ffd62ce0000 - 0x00007ffd62e1d000 	C:\Users\Rivaldo\.gradle\native\53dbd7edfb1c66fb8903c78663c9afc45aea4f116125fa6feffd364cf09443e8\windows-amd64\native-platform-file-events.dll
0x00007ffdabf30000 - 0x00007ffdabf3a000 	C:\Program Files\Android\Android Studio\jre\bin\management.dll
0x00007ffda7690000 - 0x00007ffda769c000 	C:\Program Files\Android\Android Studio\jre\bin\management_ext.dll
0x00007ffdb62c0000 - 0x00007ffdb62d8000 	C:\WINDOWS\SYSTEM32\CRYPTSP.dll
0x00007ffdb5bd0000 - 0x00007ffdb5c05000 	C:\WINDOWS\system32\rsaenh.dll
0x00007ffdb6170000 - 0x00007ffdb6199000 	C:\WINDOWS\SYSTEM32\USERENV.dll
0x00007ffdb6440000 - 0x00007ffdb6467000 	C:\WINDOWS\SYSTEM32\bcrypt.dll
0x00007ffdb62e0000 - 0x00007ffdb62ec000 	C:\WINDOWS\SYSTEM32\CRYPTBASE.dll
0x00007ffdb57b0000 - 0x00007ffdb57dd000 	C:\WINDOWS\SYSTEM32\IPHLPAPI.DLL
0x00007ffdb93f0000 - 0x00007ffdb93f9000 	C:\WINDOWS\System32\NSI.dll
0x00007ffdb1c40000 - 0x00007ffdb1c59000 	C:\WINDOWS\SYSTEM32\dhcpcsvc6.DLL
0x00007ffdb1e10000 - 0x00007ffdb1e2e000 	C:\WINDOWS\SYSTEM32\dhcpcsvc.DLL
0x00007ffdb57e0000 - 0x00007ffdb58c7000 	C:\WINDOWS\SYSTEM32\DNSAPI.dll

dbghelp: loaded successfully - version: 4.0.5 - missing functions: none
symbol engine: initialized successfully - sym options: 0x614 - pdb path: .;C:\Program Files\Android\Android Studio\jre\bin;C:\WINDOWS\SYSTEM32;C:\WINDOWS\WinSxS\amd64_microsoft.windows.common-controls_6595b64144ccf1df_6.0.22000.120_none_9d947278b86cc467;C:\Program Files\Android\Android Studio\jre\bin\server;C:\Users\Rivaldo\.gradle\native\8bec1ad78214c89d9ad589b4d07fe93259594b29d510b10fafb7a158f7737e5d\windows-amd64;C:\Users\Rivaldo\.gradle\native\53dbd7edfb1c66fb8903c78663c9afc45aea4f116125fa6feffd364cf09443e8\windows-amd64

VM Arguments:
jvm_args: --add-opens=java.base/java.util=ALL-UNNAMED --add-opens=java.base/java.lang=ALL-UNNAMED --add-opens=java.base/java.lang.invoke=ALL-UNNAMED --add-opens=java.base/java.util=ALL-UNNAMED --add-opens=java.prefs/java.util.prefs=ALL-UNNAMED --add-opens=java.prefs/java.util.prefs=ALL-UNNAMED --add-opens=java.base/java.nio.charset=ALL-UNNAMED --add-opens=java.base/java.net=ALL-UNNAMED --add-opens=java.base/java.util.concurrent.atomic=ALL-UNNAMED -Xmx2048m -Dfile.encoding=UTF-8 -Duser.country=GB -Duser.language=en -Duser.variant 
java_command: org.gradle.launcher.daemon.bootstrap.GradleDaemon 7.0.2
java_class_path (initial): C:\Users\Rivaldo\.gradle\wrapper\dists\gradle-7.0.2-bin\857tjihv64xamwrf0h14cai3r\gradle-7.0.2\lib\gradle-launcher-7.0.2.jar
Launcher Type: SUN_STANDARD

[Global flags]
     intx CICompilerCount                          = 4                                         {product} {ergonomic}
     uint ConcGCThreads                            = 2                                         {product} {ergonomic}
     uint G1ConcRefinementThreads                  = 8                                         {product} {ergonomic}
   size_t G1HeapRegionSize                         = 1048576                                   {product} {ergonomic}
    uintx GCDrainStackTargetSize                   = 64                                        {product} {ergonomic}
   size_t InitialHeapSize                          = 134217728                                 {product} {ergonomic}
   size_t MarkStackSize                            = 4194304                                   {product} {ergonomic}
   size_t MaxHeapSize                              = 2147483648                                {product} {command line}
   size_t MaxNewSize                               = 1287651328                                {product} {ergonomic}
   size_t MinHeapDeltaBytes                        = 1048576                                   {product} {ergonomic}
    uintx NonNMethodCodeHeapSize                   = 5836300                                {pd product} {ergonomic}
    uintx NonProfiledCodeHeapSize                  = 122910970                              {pd product} {ergonomic}
    uintx ProfiledCodeHeapSize                     = 122910970                              {pd product} {ergonomic}
    uintx ReservedCodeCacheSize                    = 251658240                              {pd product} {ergonomic}
     bool SegmentedCodeCache                       = true                                      {product} {ergonomic}
     bool UseCompressedClassPointers               = true                                 {lp64_product} {ergonomic}
     bool UseCompressedOops                        = true                                 {lp64_product} {ergonomic}
     bool UseG1GC                                  = true                                      {product} {ergonomic}
     bool UseLargePagesIndividualAllocation        = false                                  {pd product} {ergonomic}

Logging:
Log output configuration:
 #0: stdout all=warning uptime,level,tags
 #1: stderr all=off uptime,level,tags

Environment Variables:
PATH=C:\Program Files\Common Files\Oracle\Java\javapath;C:\Program Files (x86)\Common Files\Oracle\Java\javapath;C:\Program Files (x86)\Common Files\Intel\Shared Libraries\redist\intel64\compiler;C:\Windows\system32;C:\Windows;C:\Windows\System32\Wbem;C:\Windows\System32\WindowsPowerShell\v1.0\;C:\Windows\System32\OpenSSH\;C:\xampp\php;C:\WINDOWS\system32;C:\WINDOWS;C:\WINDOWS\System32\Wbem;C:\WINDOWS\System32\WindowsPowerShell\v1.0\;C:\WINDOWS\System32\OpenSSH\;C:\Program Files (x86)\dotnet\;C:\Program Files\Common Files\Autodesk Shared\;C:\Program Files\Microsoft SQL Server\120\Tools\Binn\;D:\MathWorks_MATLAB_R2018ax64\runtime\win64;D:\MathWorks_MATLAB_R2018ax64\bin;D:\Mathlab\bin;C:\Program Files\NVIDIA Corporation\NVIDIA NvDLISR;C:\Program Files (x86)\NVIDIA Corporation\PhysX\Common;C:\Program Files\Git\cmd;C:\WINDOWS\system32;C:\WINDOWS;C:\WINDOWS\System32\Wbem;C:\WINDOWS\System32\WindowsPowerShell\v1.0\;C:\WINDOWS\System32\OpenSSH\;C:\Users\Rivaldo\AppData\Local\Microsoft\WindowsApps;;C:\Users\Rivaldo\AppData\Local\Programs\Microsoft VS Code\bin
USERNAME=Rivaldo
OS=Windows_NT
PROCESSOR_IDENTIFIER=Intel64 Family 6 Model 142 Stepping 10, GenuineIntel



---------------  S Y S T E M  ---------------

OS: Windows 10 , 64 bit Build 22000 (10.0.22000.318)
OS uptime: 0 days 8:19 hours

CPU:total 8 (initial active 8) (4 cores per cpu, 2 threads per core) family 6 model 142 stepping 10 microcode 0xe0, cmov, cx8, fxsr, mmx, sse, sse2, sse3, ssse3, sse4.1, sse4.2, popcnt, avx, avx2, aes, clmul, erms, 3dnowpref, lzcnt, ht, tsc, tscinvbit, bmi1, bmi2, adx, fma

Memory: 4k page, system-wide physical 8074M (811M free)
TotalPageFile size 16266M (AvailPageFile size 0M)
current process WorkingSet (physical memory assigned to process): 371M, peak: 483M
current process commit charge ("private bytes"): 540M, peak: 586M

vm_info: OpenJDK 64-Bit Server VM (11.0.10+0-b96-7249189) for windows-amd64 JRE (11.0.10+0-b96-7249189), built on Mar 31 2021 21:44:00 by "builder" with MS VC++ 14.0 (VS2015)

END.
